0 info it worked if it ends with ok
1 verbose cli [ 'C:\\Program Files\\nodejs\\node.exe',
1 verbose cli   'C:\\Users\\kents\\AppData\\Roaming\\npm\\node_modules\\npm\\bin\\npm-cli.js',
1 verbose cli   'run-script',
1 verbose cli   'debug' ]
2 info using npm@4.1.1
3 info using node@v7.7.3
4 verbose stack Error: ENOENT: no such file or directory, open 'c:\src\git\SWIApp\package.json'
5 verbose cwd c:\src\git\SWIApp
6 error Windows_NT 6.1.7601
7 error argv "C:\\Program Files\\nodejs\\node.exe" "C:\\Users\\kents\\AppData\\Roaming\\npm\\node_modules\\npm\\bin\\npm-cli.js" "run-script" "debug"
8 error node v7.7.3
9 error npm  v4.1.1
10 error path c:\src\git\SWIApp\package.json
11 error code ENOENT
12 error errno -4058
13 error syscall open
14 error enoent ENOENT: no such file or directory, open 'c:\src\git\SWIApp\package.json'
15 error enoent ENOENT: no such file or directory, open 'c:\src\git\SWIApp\package.json'
15 error enoent This is most likely not a problem with npm itself
15 error enoent and is related to npm not being able to find a file.
16 verbose exit [ -4058, true ]
